0 info it worked if it ends with ok
1 verbose cli [ 'C:\\Program Files\\nodejs\\node.exe',
1 verbose cli   'C:\\Program Files\\nodejs\\node_modules\\npm\\bin\\npm-cli.js',
1 verbose cli   'install',
1 verbose cli   '-g',
1 verbose cli   '@angular/cli' ]
2 info using npm@3.10.10
3 info using node@v6.9.5
4 silly loadCurrentTree Starting
5 silly install loadCurrentTree
6 silly install readGlobalPackageData
7 silly fetchPackageMetaData @angular/cli
8 silly fetchNamedPackageData @angular/cli
9 silly mapToRegistry name @angular/cli
10 silly mapToRegistry scope (from package name) @angular
11 verbose mapToRegistry no registry URL found in name for scope @angular
12 silly mapToRegistry using default registry
13 silly mapToRegistry registry https://registry.npmjs.org/
14 silly mapToRegistry data Result {
14 silly mapToRegistry   raw: '@angular/cli',
14 silly mapToRegistry   scope: '@angular',
14 silly mapToRegistry   escapedName: '@angular%2fcli',
14 silly mapToRegistry   name: '@angular/cli',
14 silly mapToRegistry   rawSpec: '',
14 silly mapToRegistry   spec: 'latest',
14 silly mapToRegistry   type: 'tag' }
15 silly mapToRegistry uri https://registry.npmjs.org/@angular%2fcli
16 verbose request uri https://registry.npmjs.org/@angular%2fcli
17 verbose request no auth needed
18 info attempt registry request try #1 at 11:52:16
19 verbose request id 96eed785cfa2cac5
20 verbose etag W/"5a009f14-3c39b"
21 verbose lastModified Mon, 06 Nov 2017 17:42:44 GMT
22 http request GET https://registry.npmjs.org/@angular%2fcli
23 http 304 https://registry.npmjs.org/@angular%2fcli
24 verbose headers { date: 'Wed, 08 Nov 2017 09:52:16 GMT',
24 verbose headers   via: '1.1 varnish',
24 verbose headers   'cache-control': 'max-age=0',
24 verbose headers   etag: 'W/"5a009f14-3c39b"',
24 verbose headers   age: '0',
24 verbose headers   connection: 'keep-alive',
24 verbose headers   'x-served-by': 'cache-hhn1523-HHN',
24 verbose headers   'x-cache': 'MISS',
24 verbose headers   'x-cache-hits': '0',
24 verbose headers   'x-timer': 'S1510134737.848165,VS0,VE357',
24 verbose headers   vary: 'Accept-Encoding' }
25 silly get cb [ 304,
25 silly get   { date: 'Wed, 08 Nov 2017 09:52:16 GMT',
25 silly get     via: '1.1 varnish',
25 silly get     'cache-control': 'max-age=0',
25 silly get     etag: 'W/"5a009f14-3c39b"',
25 silly get     age: '0',
25 silly get     connection: 'keep-alive',
25 silly get     'x-served-by': 'cache-hhn1523-HHN',
25 silly get     'x-cache': 'MISS',
25 silly get     'x-cache-hits': '0',
25 silly get     'x-timer': 'S1510134737.848165,VS0,VE357',
25 silly get     vary: 'Accept-Encoding' } ]
26 verbose etag https://registry.npmjs.org/@angular%2fcli from cache
27 verbose get saving @angular/cli to C:\Users\avia\AppData\Roaming\npm-cache\registry.npmjs.org\_40angular_252fcli\.cache.json
28 verbose correctMkdir C:\Users\avia\AppData\Roaming\npm-cache correctMkdir not in flight; initializing
29 silly install normalizeTree
30 silly loadCurrentTree Finishing
31 silly loadIdealTree Starting
32 silly install loadIdealTree
33 silly cloneCurrentTree Starting
34 silly install cloneCurrentTreeToIdealTree
35 silly cloneCurrentTree Finishing
36 silly loadShrinkwrap Starting
37 silly install loadShrinkwrap
38 silly loadShrinkwrap Finishing
39 silly loadAllDepsIntoIdealTree Starting
40 silly install loadAllDepsIntoIdealTree
41 silly resolveWithNewModule @angular/cli@1.5.0 checking installable status
42 silly cache add args [ '@angular/cli', null ]
43 verbose cache add spec @angular/cli
44 silly cache add parsed spec Result {
44 silly cache add   raw: '@angular/cli',
44 silly cache add   scope: '@angular',
44 silly cache add   escapedName: '@angular%2fcli',
44 silly cache add   name: '@angular/cli',
44 silly cache add   rawSpec: '',
44 silly cache add   spec: 'latest',
44 silly cache add   type: 'tag' }
45 silly addNamed @angular/cli@latest
46 verbose addNamed "latest" is being treated as a dist-tag for @angular/cli
47 info addNameTag [ '@angular/cli', 'latest' ]
48 silly mapToRegistry name @angular/cli
49 silly mapToRegistry scope (from package name) @angular
50 verbose mapToRegistry no registry URL found in name for scope @angular
51 silly mapToRegistry using default registry
52 silly mapToRegistry registry https://registry.npmjs.org/
53 silly mapToRegistry data Result {
53 silly mapToRegistry   raw: '@angular/cli',
53 silly mapToRegistry   scope: '@angular',
53 silly mapToRegistry   escapedName: '@angular%2fcli',
53 silly mapToRegistry   name: '@angular/cli',
53 silly mapToRegistry   rawSpec: '',
53 silly mapToRegistry   spec: 'latest',
53 silly mapToRegistry   type: 'tag' }
54 silly mapToRegistry uri https://registry.npmjs.org/@angular%2fcli
55 verbose addNameTag registry:https://registry.npmjs.org/@angular%2fcli not in flight; fetching
56 verbose get https://registry.npmjs.org/@angular%2fcli not expired, no request
57 silly addNameTag next cb for @angular/cli with tag latest
58 silly addNamed @angular/cli@1.5.0
59 verbose addNamed "1.5.0" is a plain semver version for @angular/cli
60 silly rollbackFailedOptional Starting
61 silly rollbackFailedOptional Finishing
62 silly runTopLevelLifecycles Finishing
63 silly install printInstalled
64 verbose stack Error: Invalid name: "@angular/cli"
64 verbose stack     at ensureValidName (C:\Program Files\nodejs\node_modules\npm\node_modules\read-package-json\node_modules\normalize-package-data\lib\fixer.js:300:15)
64 verbose stack     at Object.fixNameField (C:\Program Files\nodejs\node_modules\npm\node_modules\read-package-json\node_modules\normalize-package-data\lib\fixer.js:204:5)
64 verbose stack     at C:\Program Files\nodejs\node_modules\npm\node_modules\read-package-json\node_modules\normalize-package-data\lib\normalize.js:30:38
64 verbose stack     at Array.forEach (native)
64 verbose stack     at normalize (C:\Program Files\nodejs\node_modules\npm\node_modules\read-package-json\node_modules\normalize-package-data\lib\normalize.js:29:15)
64 verbose stack     at final (C:\Program Files\nodejs\node_modules\npm\node_modules\read-package-json\read-json.js:349:5)
64 verbose stack     at then (C:\Program Files\nodejs\node_modules\npm\node_modules\read-package-json\read-json.js:124:5)
64 verbose stack     at ReadFileContext.<anonymous> (C:\Program Files\nodejs\node_modules\npm\node_modules\read-package-json\read-json.js:295:20)
64 verbose stack     at ReadFileContext.callback (C:\Program Files\nodejs\node_modules\npm\node_modules\graceful-fs\graceful-fs.js:78:16)
64 verbose stack     at FSReqWrap.readFileAfterOpen [as oncomplete] (fs.js:365:13)
65 verbose cwd Z:\
66 error Windows_NT 6.1.7601
67 error argv "C:\\Program Files\\nodejs\\node.exe" "C:\\Program Files\\nodejs\\node_modules\\npm\\bin\\npm-cli.js" "install" "-g" "@angular/cli"
68 error node v6.9.5
69 error npm  v3.10.10
70 error Invalid name: "@angular/cli"
71 error If you need help, you may report this error at:
71 error     <https://github.com/npm/npm/issues>
72 verbose exit [ 1, true ]
